<?xml version="1.0" encoding="UTF-8"?>
<testsuite name="org.sb.ws.springboot.web.HelloControllerTest" tests="2" skipped="0" failures="0" errors="0" timestamp="2020-02-08T14:42:34" hostname="Jaehoui-MacBook-Pro.local" time="0.434">
  <properties/>
  <testcase name="hello_return" classname="org.sb.ws.springboot.web.HelloControllerTest" time="0.359"/>
  <testcase name="hellodto_return" classname="org.sb.ws.springboot.web.HelloControllerTest" time="0.073"/>
  <system-out><![CDATA[23:42:31.345 [Test worker] DEBUG org.springframework.test.context.junit4.SpringJUnit4ClassRunner - SpringJUnit4ClassRunner constructor called with [class org.sb.ws.springboot.web.HelloControllerTest]
23:42:31.356 [Test worker] DEBUG org.springframework.test.context.BootstrapUtils - Instantiating CacheAwareContextLoaderDelegate from class [org.springframework.test.context.cache.DefaultCacheAwareContextLoaderDelegate]
23:42:31.365 [Test worker] DEBUG org.springframework.test.context.BootstrapUtils - Instantiating BootstrapContext using constructor [public org.springframework.test.context.support.DefaultBootstrapContext(java.lang.Class,org.springframework.test.context.CacheAwareContextLoaderDelegate)]
23:42:31.383 [Test worker] DEBUG org.springframework.test.context.BootstrapUtils - Instantiating TestContextBootstrapper for test class [org.sb.ws.springboot.web.HelloControllerTest] from class [org.springframework.boot.test.autoconfigure.web.servlet.WebMvcTestContextBootstrapper]
23:42:31.398 [Test worker] INFO org.springframework.boot.test.autoconfigure.web.servlet.WebMvcTestContextBootstrapper - Neither @ContextConfiguration nor @ContextHierarchy found for test class [org.sb.ws.springboot.web.HelloControllerTest], using SpringBootContextLoader
23:42:31.401 [Test worker] DEBUG org.springframework.test.context.support.AbstractContextLoader - Did not detect default resource location for test class [org.sb.ws.springboot.web.HelloControllerTest]: class path resource [org/sb/ws/springboot/web/HelloControllerTest-context.xml] does not exist
23:42:31.402 [Test worker] DEBUG org.springframework.test.context.support.AbstractContextLoader - Did not detect default resource location for test class [org.sb.ws.springboot.web.HelloControllerTest]: class path resource [org/sb/ws/springboot/web/HelloControllerTestContext.groovy] does not exist
23:42:31.402 [Test worker] INFO org.springframework.test.context.support.AbstractContextLoader - Could not detect default resource locations for test class [org.sb.ws.springboot.web.HelloControllerTest]: no resource found for suffixes {-context.xml, Context.groovy}.
23:42:31.403 [Test worker] INFO org.springframework.test.context.support.AnnotationConfigContextLoaderUtils - Could not detect default configuration classes for test class [org.sb.ws.springboot.web.HelloControllerTest]: HelloControllerTest does not declare any static, non-private, non-final, nested classes annotated with @Configuration.
23:42:31.463 [Test worker] DEBUG org.springframework.test.context.support.ActiveProfilesUtils - Could not find an 'annotation declaring class' for annotation type [org.springframework.test.context.ActiveProfiles] and class [org.sb.ws.springboot.web.HelloControllerTest]
23:42:31.537 [Test worker] DEBUG org.springframework.context.annotation.ClassPathScanningCandidateComponentProvider - Identified candidate component class: file [/Users/jaehobang/IdeaProjects/springboot_webservice/build/classes/java/main/org/sb/ws/springboot/Application.class]
23:42:31.538 [Test worker] INFO org.springframework.boot.test.context.SpringBootTestContextBootstrapper - Found @SpringBootConfiguration org.sb.ws.springboot.Application for test class org.sb.ws.springboot.web.HelloControllerTest
23:42:31.540 [Test worker] DEBUG org.springframework.boot.test.autoconfigure.web.servlet.WebMvcTestContextBootstrapper - @TestExecutionListeners is not present for class [org.sb.ws.springboot.web.HelloControllerTest]: using defaults.
23:42:31.540 [Test worker] INFO org.springframework.boot.test.autoconfigure.web.servlet.WebMvcTestContextBootstrapper - Loaded default TestExecutionListener class names from location [META-INF/spring.factories]: [org.springframework.security.test.context.support.WithSecurityContextTestExecutionListener, org.springframework.security.test.context.support.ReactorContextTestExecutionListener, org.springframework.boot.test.autoconfigure.restdocs.RestDocsTestExecutionListener, org.springframework.boot.test.autoconfigure.web.client.MockRestServiceServerResetTestExecutionListener, org.springframework.boot.test.autoconfigure.web.servlet.MockMvcPrintOnlyOnFailureTestExecutionListener, org.springframework.boot.test.autoconfigure.web.servlet.WebDriverTestExecutionListener, org.springframework.boot.test.mock.mockito.MockitoTestExecutionListener, org.springframework.boot.test.mock.mockito.ResetMocksTestExecutionListener, org.springframework.test.context.web.ServletTestExecutionListener, org.springframework.test.context.support.DirtiesContextBeforeModesTestExecutionListener, org.springframework.test.context.support.DependencyInjectionTestExecutionListener, org.springframework.test.context.support.DirtiesContextTestExecutionListener, org.springframework.test.context.transaction.TransactionalTestExecutionListener, org.springframework.test.context.jdbc.SqlScriptsTestExecutionListener]
23:42:31.563 [Test worker] INFO org.springframework.boot.test.autoconfigure.web.servlet.WebMvcTestContextBootstrapper - Using TestExecutionListeners: [org.springframework.test.context.web.ServletTestExecutionListener@da32aca, org.springframework.test.context.support.DirtiesContextBeforeModesTestExecutionListener@48512484, org.springframework.boot.test.mock.mockito.MockitoTestExecutionListener@7fe1a2a3, org.springframework.boot.test.autoconfigure.SpringBootDependencyInjectionTestExecutionListener@35f4ef00, org.springframework.test.context.support.DirtiesContextTestExecutionListener@2195660e, org.springframework.test.context.transaction.TransactionalTestExecutionListener@602103bc, org.springframework.test.context.jdbc.SqlScriptsTestExecutionListener@12a741a1, org.springframework.security.test.context.support.WithSecurityContextTestExecutionListener@b9201a, org.springframework.security.test.context.support.ReactorContextTestExecutionListener@a168315, org.springframework.boot.test.autoconfigure.restdocs.RestDocsTestExecutionListener@62424d08, org.springframework.boot.test.autoconfigure.web.client.MockRestServiceServerResetTestExecutionListener@4ac0b2a8, org.springframework.boot.test.autoconfigure.web.servlet.MockMvcPrintOnlyOnFailureTestExecutionListener@330e21a, org.springframework.boot.test.autoconfigure.web.servlet.WebDriverTestExecutionListener@3d00d742, org.springframework.boot.test.mock.mockito.ResetMocksTestExecutionListener@4ddae7e7]
23:42:31.566 [Test worker] DEBUG org.springframework.test.annotation.ProfileValueUtils - Retrieved @ProfileValueSourceConfiguration [null] for test class [org.sb.ws.springboot.web.HelloControllerTest]
23:42:31.566 [Test worker] DEBUG org.springframework.test.annotation.ProfileValueUtils - Retrieved ProfileValueSource type [class org.springframework.test.annotation.SystemProfileValueSource] for class [org.sb.ws.springboot.web.HelloControllerTest]
23:42:31.567 [Test worker] DEBUG org.springframework.test.annotation.ProfileValueUtils - Retrieved @ProfileValueSourceConfiguration [null] for test class [org.sb.ws.springboot.web.HelloControllerTest]
23:42:31.567 [Test worker] DEBUG org.springframework.test.annotation.ProfileValueUtils - Retrieved ProfileValueSource type [class org.springframework.test.annotation.SystemProfileValueSource] for class [org.sb.ws.springboot.web.HelloControllerTest]
23:42:31.572 [Test worker] DEBUG org.springframework.test.context.support.AbstractDirtiesContextTestExecutionListener - Before test class: context [DefaultTestContext@7f7becb3 testClass = HelloControllerTest, testInstance = [null], testMethod = [null], testException = [null], mergedContextConfiguration = [WebMergedContextConfiguration@3645109e testClass = HelloControllerTest, locations = '{}', classes = '{class org.sb.ws.springboot.Application}', contextInitializerClasses = '[]', activeProfiles = '{}', propertySourceLocations = '{}', propertySourceProperties = '{org.springframework.boot.test.autoconfigure.web.servlet.WebMvcTestContextBootstrapper=true}', contextCustomizers = set[org.springframework.boot.test.autoconfigure.OverrideAutoConfigurationContextCustomizerFactory$DisableAutoConfigurationContextCustomizer@d7649f0, org.springframework.boot.test.autoconfigure.filter.TypeExcludeFiltersContextCustomizer@915dc33b, org.springframework.boot.test.autoconfigure.properties.PropertyMappingContextCustomizer@ef2d56d6, org.springframework.boot.test.autoconfigure.web.servlet.WebDriverContextCustomizerFactory$Customizer@1510e1a5, [ImportsContextCustomizer@274f2cee key = [org.springframework.boot.autoconfigure.cache.CacheAutoConfiguration, org.springframework.boot.autoconfigure.context.MessageSourceAutoConfiguration, org.springframework.boot.autoconfigure.data.web.SpringDataWebAutoConfiguration, org.springframework.boot.autoconfigure.freemarker.FreeMarkerAutoConfiguration, org.springframework.boot.autoconfigure.groovy.template.GroovyTemplateAutoConfiguration, org.springframework.boot.autoconfigure.gson.GsonAutoConfiguration, org.springframework.boot.autoconfigure.hateoas.HypermediaAutoConfiguration, org.springframework.boot.autoconfigure.http.HttpMessageConvertersAutoConfiguration, org.springframework.boot.autoconfigure.jackson.JacksonAutoConfiguration, org.springframework.boot.autoconfigure.jsonb.JsonbAutoConfiguration, org.springframework.boot.autoconfigure.mustache.MustacheAutoConfiguration, org.springframework.boot.autoconfigure.task.TaskExecutionAutoConfiguration, org.springframework.boot.autoconfigure.thymeleaf.ThymeleafAutoConfiguration, org.springframework.boot.autoconfigure.validation.ValidationAutoConfiguration, org.springframework.boot.autoconfigure.web.servlet.error.ErrorMvcAutoConfiguration, org.springframework.boot.autoconfigure.web.servlet.WebMvcAutoConfiguration, org.springframework.boot.test.autoconfigure.web.servlet.MockMvcAutoConfiguration, org.springframework.boot.test.autoconfigure.web.servlet.MockMvcSecurityAutoConfiguration, org.springframework.boot.test.autoconfigure.web.servlet.MockMvcWebClientAutoConfiguration, org.springframework.boot.test.autoconfigure.web.servlet.MockMvcWebDriverAutoConfiguration]], org.springframework.boot.test.context.filter.ExcludeFilterContextCustomizer@374399a6, org.springframework.boot.test.json.DuplicateJsonObjectContextCustomizerFactory$DuplicateJsonObjectContextCustomizer@53cab9fb, org.springframework.boot.test.mock.mockito.MockitoContextCustomizer@0], resourceBasePath = 'src/main/webapp', contextLoader = 'org.springframework.boot.test.context.SpringBootContextLoader', parent = [null]], attributes = map[[empty]]], class annotated with @DirtiesContext [false] with mode [null].
23:42:31.574 [Test worker] DEBUG org.springframework.test.annotation.ProfileValueUtils - Retrieved @ProfileValueSourceConfiguration [null] for test class [org.sb.ws.springboot.web.HelloControllerTest]
23:42:31.575 [Test worker] DEBUG org.springframework.test.annotation.ProfileValueUtils - Retrieved ProfileValueSource type [class org.springframework.test.annotation.SystemProfileValueSource] for class [org.sb.ws.springboot.web.HelloControllerTest]
23:42:31.581 [Test worker] DEBUG org.springframework.test.context.support.DependencyInjectionTestExecutionListener - Performing dependency injection for test context [[DefaultTestContext@7f7becb3 testClass = HelloControllerTest, testInstance = org.sb.ws.springboot.web.HelloControllerTest@1bdd0886, testMethod = [null], testException = [null], mergedContextConfiguration = [WebMergedContextConfiguration@3645109e testClass = HelloControllerTest, locations = '{}', classes = '{class org.sb.ws.springboot.Application}', contextInitializerClasses = '[]', activeProfiles = '{}', propertySourceLocations = '{}', propertySourceProperties = '{org.springframework.boot.test.autoconfigure.web.servlet.WebMvcTestContextBootstrapper=true}', contextCustomizers = set[org.springframework.boot.test.autoconfigure.OverrideAutoConfigurationContextCustomizerFactory$DisableAutoConfigurationContextCustomizer@d7649f0, org.springframework.boot.test.autoconfigure.filter.TypeExcludeFiltersContextCustomizer@915dc33b, org.springframework.boot.test.autoconfigure.properties.PropertyMappingContextCustomizer@ef2d56d6, org.springframework.boot.test.autoconfigure.web.servlet.WebDriverContextCustomizerFactory$Customizer@1510e1a5, [ImportsContextCustomizer@274f2cee key = [org.springframework.boot.autoconfigure.cache.CacheAutoConfiguration, org.springframework.boot.autoconfigure.context.MessageSourceAutoConfiguration, org.springframework.boot.autoconfigure.data.web.SpringDataWebAutoConfiguration, org.springframework.boot.autoconfigure.freemarker.FreeMarkerAutoConfiguration, org.springframework.boot.autoconfigure.groovy.template.GroovyTemplateAutoConfiguration, org.springframework.boot.autoconfigure.gson.GsonAutoConfiguration, org.springframework.boot.autoconfigure.hateoas.HypermediaAutoConfiguration, org.springframework.boot.autoconfigure.http.HttpMessageConvertersAutoConfiguration, org.springframework.boot.autoconfigure.jackson.JacksonAutoConfiguration, org.springframework.boot.autoconfigure.jsonb.JsonbAutoConfiguration, org.springframework.boot.autoconfigure.mustache.MustacheAutoConfiguration, org.springframework.boot.autoconfigure.task.TaskExecutionAutoConfiguration, org.springframework.boot.autoconfigure.thymeleaf.ThymeleafAutoConfiguration, org.springframework.boot.autoconfigure.validation.ValidationAutoConfiguration, org.springframework.boot.autoconfigure.web.servlet.error.ErrorMvcAutoConfiguration, org.springframework.boot.autoconfigure.web.servlet.WebMvcAutoConfiguration, org.springframework.boot.test.autoconfigure.web.servlet.MockMvcAutoConfiguration, org.springframework.boot.test.autoconfigure.web.servlet.MockMvcSecurityAutoConfiguration, org.springframework.boot.test.autoconfigure.web.servlet.MockMvcWebClientAutoConfiguration, org.springframework.boot.test.autoconfigure.web.servlet.MockMvcWebDriverAutoConfiguration]], org.springframework.boot.test.context.filter.ExcludeFilterContextCustomizer@374399a6, org.springframework.boot.test.json.DuplicateJsonObjectContextCustomizerFactory$DuplicateJsonObjectContextCustomizer@53cab9fb, org.springframework.boot.test.mock.mockito.MockitoContextCustomizer@0], resourceBasePath = 'src/main/webapp', contextLoader = 'org.springframework.boot.test.context.SpringBootContextLoader', parent = [null]], attributes = map[[empty]]]].
23:42:31.692 [Test worker] DEBUG org.springframework.test.context.support.TestPropertySourceUtils - Adding inlined properties to environment: {spring.jmx.enabled=false, org.springframework.boot.test.autoconfigure.web.servlet.WebMvcTestContextBootstrapper=true, server.port=-1}

  .   ____          _            __ _ _
 /\\ / ___'_ __ _ _(_)_ __  __ _ \ \ \ \
( ( )\___ | '_ | '_| | '_ \/ _` | \ \ \ \
 \\/  ___)| |_)| | | | | || (_| |  ) ) ) )
  '  |____| .__|_| |_|_| |_\__, | / / / /
 =========|_|==============|___/=/_/_/_/
 :: Spring Boot ::        (v2.1.7.RELEASE)

2020-02-08 23:42:32.048  INFO 20447 --- [    Test worker] o.s.w.s.web.HelloControllerTest          : Starting HelloControllerTest on Jaehoui-MacBook-Pro.local with PID 20447 (started by jaehobang in /Users/jaehobang/IdeaProjects/springboot_webservice)
2020-02-08 23:42:32.052  INFO 20447 --- [    Test worker] o.s.w.s.web.HelloControllerTest          : No active profile set, falling back to default profiles: default
2020-02-08 23:42:33.427  INFO 20447 --- [    Test worker] o.s.s.concurrent.ThreadPoolTaskExecutor  : Initializing ExecutorService 'applicationTaskExecutor'
2020-02-08 23:42:33.518  INFO 20447 --- [    Test worker] o.s.b.a.w.s.WelcomePageHandlerMapping    : Adding welcome page template: index
2020-02-08 23:42:33.769  INFO 20447 --- [    Test worker] .s.s.UserDetailsServiceAutoConfiguration : 

Using generated security password: 0babc740-b520-4c41-8752-7e2753edd9a5

2020-02-08 23:42:33.901  INFO 20447 --- [    Test worker] o.s.s.web.DefaultSecurityFilterChain     : Creating filter chain: any request, [org.springframework.security.web.context.request.async.WebAsyncManagerIntegrationFilter@2f80081f, org.springframework.security.web.context.SecurityContextPersistenceFilter@45eb5f19, org.springframework.security.web.header.HeaderWriterFilter@5c4dd30, org.springframework.security.web.csrf.CsrfFilter@16be9a76, org.springframework.security.web.authentication.logout.LogoutFilter@6f754336, org.springframework.security.web.authentication.UsernamePasswordAuthenticationFilter@2ed31cf9, org.springframework.security.web.authentication.ui.DefaultLoginPageGeneratingFilter@6479afc0, org.springframework.security.web.authentication.ui.DefaultLogoutPageGeneratingFilter@45f6a29, org.springframework.security.web.authentication.www.BasicAuthenticationFilter@43ff12f9, org.springframework.security.web.savedrequest.RequestCacheAwareFilter@6c422be2, org.springframework.security.web.servletapi.SecurityContextHolderAwareRequestFilter@75158ffe, org.springframework.security.web.authentication.AnonymousAuthenticationFilter@9ba189b, org.springframework.security.web.session.SessionManagementFilter@33a46140, org.springframework.security.web.access.ExceptionTranslationFilter@5809eead, org.springframework.security.web.access.intercept.FilterSecurityInterceptor@2d9b3912]
2020-02-08 23:42:33.938  INFO 20447 --- [    Test worker] o.s.b.t.m.w.SpringBootMockServletContext : Initializing Spring TestDispatcherServlet ''
2020-02-08 23:42:33.939  INFO 20447 --- [    Test worker] o.s.t.web.servlet.TestDispatcherServlet  : Initializing Servlet ''
2020-02-08 23:42:33.950  INFO 20447 --- [    Test worker] o.s.t.web.servlet.TestDispatcherServlet  : Completed initialization in 11 ms
2020-02-08 23:42:33.994  INFO 20447 --- [    Test worker] o.s.w.s.web.HelloControllerTest          : Started HelloControllerTest in 2.294 seconds (JVM running for 3.484)
]]></system-out>
  <system-err><![CDATA[]]></system-err>
</testsuite>
