<?xml version="1.0" encoding="UTF-8"?>
<testsuite name="org.sb.ws.springboot.web.PostsApiControllerTest" tests="2" skipped="0" failures="0" errors="0" timestamp="2020-02-08T14:42:39" hostname="Jaehoui-MacBook-Pro.local" time="0.092">
  <properties/>
  <testcase name="Post_Regist" classname="org.sb.ws.springboot.web.PostsApiControllerTest" time="0.059"/>
  <testcase name="Post_Update" classname="org.sb.ws.springboot.web.PostsApiControllerTest" time="0.032"/>
  <system-out><![CDATA[2020-02-08 23:42:39.720  INFO 20447 --- [    Test worker] .b.t.c.SpringBootTestContextBootstrapper : Neither @ContextConfiguration nor @ContextHierarchy found for test class [org.sb.ws.springboot.web.PostsApiControllerTest], using SpringBootContextLoader
2020-02-08 23:42:39.722  INFO 20447 --- [    Test worker] o.s.t.c.support.AbstractContextLoader    : Could not detect default resource locations for test class [org.sb.ws.springboot.web.PostsApiControllerTest]: no resource found for suffixes {-context.xml, Context.groovy}.
2020-02-08 23:42:39.722  INFO 20447 --- [    Test worker] t.c.s.AnnotationConfigContextLoaderUtils : Could not detect default configuration classes for test class [org.sb.ws.springboot.web.PostsApiControllerTest]: PostsApiControllerTest does not declare any static, non-private, non-final, nested classes annotated with @Configuration.
2020-02-08 23:42:39.724  INFO 20447 --- [    Test worker] .b.t.c.SpringBootTestContextBootstrapper : Found @SpringBootConfiguration org.sb.ws.springboot.Application for test class org.sb.ws.springboot.web.PostsApiControllerTest
2020-02-08 23:42:39.725  INFO 20447 --- [    Test worker] .b.t.c.SpringBootTestContextBootstrapper : Loaded default TestExecutionListener class names from location [META-INF/spring.factories]: [org.springframework.security.test.context.support.WithSecurityContextTestExecutionListener, org.springframework.security.test.context.support.ReactorContextTestExecutionListener, org.springframework.boot.test.autoconfigure.restdocs.RestDocsTestExecutionListener, org.springframework.boot.test.autoconfigure.web.client.MockRestServiceServerResetTestExecutionListener, org.springframework.boot.test.autoconfigure.web.servlet.MockMvcPrintOnlyOnFailureTestExecutionListener, org.springframework.boot.test.autoconfigure.web.servlet.WebDriverTestExecutionListener, org.springframework.boot.test.mock.mockito.MockitoTestExecutionListener, org.springframework.boot.test.mock.mockito.ResetMocksTestExecutionListener, org.springframework.test.context.web.ServletTestExecutionListener, org.springframework.test.context.support.DirtiesContextBeforeModesTestExecutionListener, org.springframework.test.context.support.DependencyInjectionTestExecutionListener, org.springframework.test.context.support.DirtiesContextTestExecutionListener, org.springframework.test.context.transaction.TransactionalTestExecutionListener, org.springframework.test.context.jdbc.SqlScriptsTestExecutionListener]
2020-02-08 23:42:39.726  INFO 20447 --- [    Test worker] .b.t.c.SpringBootTestContextBootstrapper : Using TestExecutionListeners: [org.springframework.test.context.web.ServletTestExecutionListener@5322145c, org.springframework.test.context.support.DirtiesContextBeforeModesTestExecutionListener@422b048f, org.springframework.boot.test.mock.mockito.MockitoTestExecutionListener@4170f451, org.springframework.boot.test.autoconfigure.SpringBootDependencyInjectionTestExecutionListener@5f6e4cc6, org.springframework.test.context.support.DirtiesContextTestExecutionListener@1c2d2383, org.springframework.test.context.transaction.TransactionalTestExecutionListener@63853f5, org.springframework.test.context.jdbc.SqlScriptsTestExecutionListener@40acfd1f, org.springframework.security.test.context.support.WithSecurityContextTestExecutionListener@6d0981b0, org.springframework.security.test.context.support.ReactorContextTestExecutionListener@184d96a9, org.springframework.boot.test.autoconfigure.restdocs.RestDocsTestExecutionListener@5c2ed9ae, org.springframework.boot.test.autoconfigure.web.client.MockRestServiceServerResetTestExecutionListener@7b4d9331, org.springframework.boot.test.autoconfigure.web.servlet.MockMvcPrintOnlyOnFailureTestExecutionListener@5ae899e9, org.springframework.boot.test.autoconfigure.web.servlet.WebDriverTestExecutionListener@2ee4a4c3, org.springframework.boot.test.mock.mockito.ResetMocksTestExecutionListener@42deb18]
2020-02-08 23:42:39.732  INFO 20447 --- [    Test worker] o.a.c.c.C.[Tomcat].[localhost].[/]       : Initializing Spring TestDispatcherServlet ''
2020-02-08 23:42:39.732  INFO 20447 --- [    Test worker] o.s.t.web.servlet.TestDispatcherServlet  : Initializing Servlet ''
2020-02-08 23:42:39.736  INFO 20447 --- [    Test worker] o.s.t.web.servlet.TestDispatcherServlet  : Completed initialization in 4 ms
Hibernate: insert into posts (created_date, modified_date, author, content, title) values (?, ?, ?, ?, ?)
Hibernate: select posts0_.id as id1_0_, posts0_.created_date as created_2_0_, posts0_.modified_date as modified3_0_, posts0_.author as author4_0_, posts0_.content as content5_0_, posts0_.title as title6_0_ from posts posts0_
Hibernate: select posts0_.id as id1_0_, posts0_.created_date as created_2_0_, posts0_.modified_date as modified3_0_, posts0_.author as author4_0_, posts0_.content as content5_0_, posts0_.title as title6_0_ from posts posts0_
Hibernate: delete from posts where id=?
2020-02-08 23:42:39.791  INFO 20447 --- [    Test worker] o.a.c.c.C.[Tomcat].[localhost].[/]       : Initializing Spring TestDispatcherServlet ''
2020-02-08 23:42:39.791  INFO 20447 --- [    Test worker] o.s.t.web.servlet.TestDispatcherServlet  : Initializing Servlet ''
2020-02-08 23:42:39.793  INFO 20447 --- [    Test worker] o.s.t.web.servlet.TestDispatcherServlet  : Completed initialization in 2 ms
Hibernate: insert into posts (created_date, modified_date, author, content, title) values (?, ?, ?, ?, ?)
Hibernate: select posts0_.id as id1_0_0_, posts0_.created_date as created_2_0_0_, posts0_.modified_date as modified3_0_0_, posts0_.author as author4_0_0_, posts0_.content as content5_0_0_, posts0_.title as title6_0_0_ from posts posts0_ where posts0_.id=?
Hibernate: update posts set created_date=?, modified_date=?, author=?, content=?, title=? where id=?
Hibernate: select posts0_.id as id1_0_, posts0_.created_date as created_2_0_, posts0_.modified_date as modified3_0_, posts0_.author as author4_0_, posts0_.content as content5_0_, posts0_.title as title6_0_ from posts posts0_
Hibernate: select posts0_.id as id1_0_, posts0_.created_date as created_2_0_, posts0_.modified_date as modified3_0_, posts0_.author as author4_0_, posts0_.content as content5_0_, posts0_.title as title6_0_ from posts posts0_
Hibernate: delete from posts where id=?
]]></system-out>
  <system-err><![CDATA[]]></system-err>
</testsuite>
